Using pre-set license
Built from '2020.3/staging' branch; Version is '2020.3.18f1 (a7d1c678663c) revision 10998214'; Using compiler version '192528614'; Build Type 'Release'
OS: 'Windows 10 Pro; OS build 19042.1237; Version 2009; 64bit' Language: 'ru' Physical Memory: 24574 MB
BatchMode: 1, IsHumanControllingUs: 0, StartBugReporterOnCrash: 0, Is64bit: 1, IsPro: 0

COMMAND LINE ARGUMENTS:
I:\Unity\Editor\2020.3.18f1\Editor\Unity.exe
-adb2
-batchMode
-noUpm
-name
AssetImportWorker0
-projectPath
K:/GeekBrains/Strategy/HW Project/GB_Strategy
-logFile
Logs/AssetImportWorker0.log
-srvPort
63956
Successfully changed project path to: K:/GeekBrains/Strategy/HW Project/GB_Strategy
K:/GeekBrains/Strategy/HW Project/GB_Strategy
Using Asset Import Pipeline V2.
Refreshing native plugins compatible for Editor in 70.03 ms, found 2 plugins.
Preloading 0 native plugins for Editor in 0.00 ms.
Initialize engine version: 2020.3.18f1 (a7d1c678663c)
[Subsystems] Discovering subsystems at path I:/Unity/Editor/2020.3.18f1/Editor/Data/Resources/UnitySubsystems
[Subsystems] Discovering subsystems at path K:/GeekBrains/Strategy/HW Project/GB_Strategy/Assets
GfxDevice: creating device client; threaded=0
Direct3D:
    Version:  Direct3D 11.0 [level 11.1]
    Renderer: NVIDIA GeForce GTX 970 (ID=0x13c2)
    Vendor:   
    VRAM:     4043 MB
    Driver:   27.21.14.6677
Initialize mono
Mono path[0] = 'I:/Unity/Editor/2020.3.18f1/Editor/Data/Managed'
Mono path[1] = 'I:/Unity/Editor/2020.3.18f1/Editor/Data/MonoBleedingEdge/lib/mono/unityjit'
Mono config path = 'I:/Unity/Editor/2020.3.18f1/Editor/Data/MonoBleedingEdge/etc'
Using monoOptions --debugger-agent=transport=dt_socket,embedding=1,server=y,suspend=n,address=127.0.0.1:56684
Begin MonoManager ReloadAssembly
Registering precompiled unity dll's ...
Register platform support module: I:/Unity/Editor/2020.3.18f1/Editor/Data/PlaybackEngines/WebGLSupport/UnityEditor.WebGL.Extensions.dll
Register platform support module: I:/Unity/Editor/2020.3.18f1/Editor/Data/PlaybackEngines/WindowsStandaloneSupport/UnityEditor.WindowsStandalone.Extensions.dll
Registered in 0.002552 seconds.
Native extension for WindowsStandalone target not found
Native extension for WebGL target not found
Refreshing native plugins compatible for Editor in 56.99 ms, found 2 plugins.
Preloading 0 native plugins for Editor in 0.00 ms.
Mono: successfully reloaded assembly
- Completed reload, in  4.120 seconds
Domain Reload Profiling:
	ReloadAssembly (4120ms)
		BeginReloadAssembly (111ms)
			ExecutionOrderSort (0ms)
			DisableScriptedObjects (0ms)
			BackupInstance (0ms)
			ReleaseScriptingObjects (0ms)
			CreateAndSetChildDomain (1ms)
		EndReloadAssembly (1787ms)
			LoadAssemblies (110ms)
			RebuildTransferFunctionScriptingTraits (0ms)
			SetupTypeCache (260ms)
			ReleaseScriptCaches (0ms)
			RebuildScriptCaches (53ms)
			SetupLoadedEditorAssemblies (275ms)
				LogAssemblyErrors (0ms)
				InitializePlatformSupportModulesInManaged (8ms)
				SetLoadedEditorAssemblies (0ms)
				RefreshPlugins (57ms)
				BeforeProcessingInitializeOnLoad (28ms)
				ProcessInitializeOnLoadAttributes (133ms)
				ProcessInitializeOnLoadMethodAttributes (48ms)
				AfterProcessingInitializeOnLoad (0ms)
				EditorAssembliesLoaded (0ms)
			ExecutionOrderSort2 (0ms)
			AwakeInstancesAfterBackupRestoration (0ms)
Platform modules already initialized, skipping
Registering precompiled user dll's ...
Registered in 0.005821 seconds.
Begin MonoManager ReloadAssembly
Native extension for WindowsStandalone target not found
Native extension for WebGL target not found
Refreshing native plugins compatible for Editor in 0.68 ms, found 2 plugins.
Preloading 0 native plugins for Editor in 0.00 ms.
Mono: successfully reloaded assembly
- Completed reload, in  1.751 seconds
Domain Reload Profiling:
	ReloadAssembly (1752ms)
		BeginReloadAssembly (251ms)
			ExecutionOrderSort (0ms)
			DisableScriptedObjects (9ms)
			BackupInstance (0ms)
			ReleaseScriptingObjects (0ms)
			CreateAndSetChildDomain (27ms)
		EndReloadAssembly (1404ms)
			LoadAssemblies (159ms)
			RebuildTransferFunctionScriptingTraits (0ms)
			SetupTypeCache (468ms)
			ReleaseScriptCaches (0ms)
			RebuildScriptCaches (78ms)
			SetupLoadedEditorAssemblies (535ms)
				LogAssemblyErrors (0ms)
				InitializePlatformSupportModulesInManaged (11ms)
				SetLoadedEditorAssemblies (1ms)
				RefreshPlugins (1ms)
				BeforeProcessingInitializeOnLoad (138ms)
				ProcessInitializeOnLoadAttributes (374ms)
				ProcessInitializeOnLoadMethodAttributes (6ms)
				AfterProcessingInitializeOnLoad (4ms)
				EditorAssembliesLoaded (0ms)
			ExecutionOrderSort2 (0ms)
			AwakeInstancesAfterBackupRestoration (11ms)
Platform modules already initialized, skipping
========================================================================
Worker process is ready to serve import requests
Launched and connected shader compiler UnityShaderCompiler.exe after 0.11 seconds
Refreshing native plugins compatible for Editor in 0.70 ms, found 2 plugins.
Preloading 0 native plugins for Editor in 0.00 ms.
Unloading 1407 Unused Serialized files (Serialized files now loaded: 0)
System memory in use before: 72.7 MB.
System memory in use after: 72.7 MB.

Unloading 16 unused Assets to reduce memory usage. Loaded Objects now: 1843.
Total: 4.960500 ms (FindLiveObjects: 0.206600 ms CreateObjectMapping: 0.083900 ms MarkObjects: 4.476100 ms  DeleteObjects: 0.191900 ms)

AssetImportParameters requested are different than current active one (requested -> active):
  custom:framework-win-MediaFoundation: 216162199b28c13a410421893ffa2e32 -> 
  custom:video-decoder-ogg-theora: a1e56fd34408186e4bbccfd4996cb3dc -> 
  custom:container-muxer-webm: aa71ff27fc2769a1b78a27578f13a17b -> 
  custom:container-demuxer-webm: 4f35f7cbe854078d1ac9338744f61a02 -> 
  custom:container-demuxer-ogg: 62fdf1f143b41e24485cea50d1cbac27 -> 
  custom:video-encoder-webm-vp8: eb34c28f22e8b96e1ab97ce403110664 -> 
  custom:video-decoder-webm-vp8: 9c59270c3fd7afecdb556c50c9e8de78 -> 
  custom:audio-decoder-ogg-vorbis: bf7c407c2cedff20999df2af8eb42d56 -> 
  custom:audio-encoder-webm-vorbis: bf7c407c2cedff20999df2af8eb42d56 -> 
========================================================================
Received Import Request.
  path: Assets
  artifactKey: Guid(00000000000000001000000000000000) Importer(815301076,1909f56bfc062723c751e8b465ee728b)
Start importing Assets using Guid(00000000000000001000000000000000) Importer(815301076,1909f56bfc062723c751e8b465ee728b)  -> (artifact id: '097ad54e5215e2c4d762132d723e2a4e') in 1.068846 seconds 
  Import took 1.073155 seconds .

========================================================================
Received Import Request.
  Time since last request: 5.466182 seconds.
  path: Assets/Scripts
  artifactKey: Guid(ffabacccb65e0304c8c3a8e45b4f469f) Importer(815301076,1909f56bfc062723c751e8b465ee728b)
Start importing Assets/Scripts using Guid(ffabacccb65e0304c8c3a8e45b4f469f) Importer(815301076,1909f56bfc062723c751e8b465ee728b)  -> (artifact id: 'a8bdeaf07b18b1640bea307037aa01ee') in 0.003245 seconds 
  Import took 0.007841 seconds .

========================================================================
Received Import Request.
  Time since last request: 0.000822 seconds.
  path: Assets/Scripts
  artifactKey: Guid(ffabacccb65e0304c8c3a8e45b4f469f) Importer(815301076,1909f56bfc062723c751e8b465ee728b)
Start importing Assets/Scripts using Guid(ffabacccb65e0304c8c3a8e45b4f469f) Importer(815301076,1909f56bfc062723c751e8b465ee728b)  -> (artifact id: 'a8bdeaf07b18b1640bea307037aa01ee') in 0.003496 seconds 
  Import took 0.007702 seconds .

========================================================================
Received Import Request.
  Time since last request: 12.049501 seconds.
  path: Assets/Scripts/Core
  artifactKey: Guid(eee0a95c6e4310a43a1d4e8e39fef0f6) Importer(815301076,1909f56bfc062723c751e8b465ee728b)
Start importing Assets/Scripts/Core using Guid(eee0a95c6e4310a43a1d4e8e39fef0f6) Importer(815301076,1909f56bfc062723c751e8b465ee728b)  -> (artifact id: 'b08bc2f9761afbe2e2cb4d2188da582b') in 0.003687 seconds 
  Import took 0.008012 seconds .

========================================================================
Received Import Request.
  Time since last request: 13.285633 seconds.
  path: Assets/Scripts/UserControlSystem
  artifactKey: Guid(5d804a4f5f3a12a4cb3f9a0f5d306ac9) Importer(815301076,1909f56bfc062723c751e8b465ee728b)
Start importing Assets/Scripts/UserControlSystem using Guid(5d804a4f5f3a12a4cb3f9a0f5d306ac9) Importer(815301076,1909f56bfc062723c751e8b465ee728b)  -> (artifact id: '6be30aed3493d6e9e97f9aa75a90916c') in 0.003791 seconds 
  Import took 0.008759 seconds .

========================================================================
Received Import Request.
  Time since last request: 40.186372 seconds.
  path: Assets/Scripts/Core/Core.asmdef
  artifactKey: Guid(38b1ca34971b74745b70097678d8ca6b) Importer(815301076,1909f56bfc062723c751e8b465ee728b)
Start importing Assets/Scripts/Core/Core.asmdef using Guid(38b1ca34971b74745b70097678d8ca6b) Importer(815301076,1909f56bfc062723c751e8b465ee728b)  -> (artifact id: '79b37276cc737843bcef0aadc83b20e1') in 0.039251 seconds 
  Import took 0.043045 seconds .

========================================================================
Received Import Request.
  Time since last request: 0.864751 seconds.
  path: Assets/Scripts/Core/Core.asmdef
  artifactKey: Guid(38b1ca34971b74745b70097678d8ca6b) Importer(815301076,1909f56bfc062723c751e8b465ee728b)
Start importing Assets/Scripts/Core/Core.asmdef using Guid(38b1ca34971b74745b70097678d8ca6b) Importer(815301076,1909f56bfc062723c751e8b465ee728b)  -> (artifact id: '79b37276cc737843bcef0aadc83b20e1') in 0.003099 seconds 
  Import took 0.007071 seconds .

========================================================================
Received Prepare
Registering precompiled user dll's ...
Registered in 0.005654 seconds.
Begin MonoManager ReloadAssembly
Native extension for WindowsStandalone target not found
Native extension for WebGL target not found
Refreshing native plugins compatible for Editor in 1.12 ms, found 2 plugins.
Preloading 0 native plugins for Editor in 0.00 ms.
Mono: successfully reloaded assembly
- Completed reload, in  2.439 seconds
Domain Reload Profiling:
	ReloadAssembly (2440ms)
		BeginReloadAssembly (188ms)
			ExecutionOrderSort (0ms)
			DisableScriptedObjects (9ms)
			BackupInstance (0ms)
			ReleaseScriptingObjects (0ms)
			CreateAndSetChildDomain (55ms)
		EndReloadAssembly (2156ms)
			LoadAssemblies (163ms)
			RebuildTransferFunctionScriptingTraits (0ms)
			SetupTypeCache (528ms)
			ReleaseScriptCaches (1ms)
			RebuildScriptCaches (117ms)
			SetupLoadedEditorAssemblies (1074ms)
				LogAssemblyErrors (0ms)
				InitializePlatformSupportModulesInManaged (11ms)
				SetLoadedEditorAssemblies (1ms)
				RefreshPlugins (1ms)
				BeforeProcessingInitializeOnLoad (383ms)
				ProcessInitializeOnLoadAttributes (660ms)
				ProcessInitializeOnLoadMethodAttributes (8ms)
				AfterProcessingInitializeOnLoad (8ms)
				EditorAssembliesLoaded (1ms)
			ExecutionOrderSort2 (0ms)
			AwakeInstancesAfterBackupRestoration (14ms)
Platform modules already initialized, skipping
Refreshing native plugins compatible for Editor in 0.57 ms, found 2 plugins.
Preloading 0 native plugins for Editor in 0.00 ms.
Unloading 1390 Unused Serialized files (Serialized files now loaded: 0)
System memory in use before: 71.4 MB.
System memory in use after: 71.5 MB.

Unloading 11 unused Assets to reduce memory usage. Loaded Objects now: 1845.
Total: 4.238000 ms (FindLiveObjects: 0.268600 ms CreateObjectMapping: 0.081300 ms MarkObjects: 3.853500 ms  DeleteObjects: 0.032300 ms)

AssetImportParameters requested are different than current active one (requested -> active):
  custom:framework-win-MediaFoundation: 216162199b28c13a410421893ffa2e32 -> 
  custom:video-decoder-ogg-theora: a1e56fd34408186e4bbccfd4996cb3dc -> 
  custom:container-muxer-webm: aa71ff27fc2769a1b78a27578f13a17b -> 
  custom:container-demuxer-webm: 4f35f7cbe854078d1ac9338744f61a02 -> 
  custom:container-demuxer-ogg: 62fdf1f143b41e24485cea50d1cbac27 -> 
  custom:video-encoder-webm-vp8: eb34c28f22e8b96e1ab97ce403110664 -> 
  custom:video-decoder-webm-vp8: 9c59270c3fd7afecdb556c50c9e8de78 -> 
  custom:audio-decoder-ogg-vorbis: bf7c407c2cedff20999df2af8eb42d56 -> 
  custom:audio-encoder-webm-vorbis: bf7c407c2cedff20999df2af8eb42d56 -> 
========================================================================
Received Import Request.
  Time since last request: 23.521561 seconds.
  path: Assets/Scripts/UserControlSystem/UserControlSystem.asmdef
  artifactKey: Guid(81ec2632262e3704fba7e867fca636c1) Importer(815301076,1909f56bfc062723c751e8b465ee728b)
Start importing Assets/Scripts/UserControlSystem/UserControlSystem.asmdef using Guid(81ec2632262e3704fba7e867fca636c1) Importer(815301076,1909f56bfc062723c751e8b465ee728b)  -> (artifact id: 'd686c5b6830f0aa1cf76083b211fc015') in 0.005952 seconds 
  Import took 0.008943 seconds .

========================================================================
Received Prepare
Registering precompiled user dll's ...
Registered in 0.008414 seconds.
Begin MonoManager ReloadAssembly
Native extension for WindowsStandalone target not found
Native extension for WebGL target not found
Refreshing native plugins compatible for Editor in 0.55 ms, found 2 plugins.
Preloading 0 native plugins for Editor in 0.00 ms.
Mono: successfully reloaded assembly
- Completed reload, in  1.612 seconds
Domain Reload Profiling:
	ReloadAssembly (1613ms)
		BeginReloadAssembly (190ms)
			ExecutionOrderSort (0ms)
			DisableScriptedObjects (9ms)
			BackupInstance (0ms)
			ReleaseScriptingObjects (0ms)
			CreateAndSetChildDomain (51ms)
		EndReloadAssembly (1324ms)
			LoadAssemblies (160ms)
			RebuildTransferFunctionScriptingTraits (0ms)
			SetupTypeCache (476ms)
			ReleaseScriptCaches (1ms)
			RebuildScriptCaches (65ms)
			SetupLoadedEditorAssemblies (482ms)
				LogAssemblyErrors (0ms)
				InitializePlatformSupportModulesInManaged (9ms)
				SetLoadedEditorAssemblies (1ms)
				RefreshPlugins (1ms)
				BeforeProcessingInitializeOnLoad (114ms)
				ProcessInitializeOnLoadAttributes (345ms)
				ProcessInitializeOnLoadMethodAttributes (7ms)
				AfterProcessingInitializeOnLoad (5ms)
				EditorAssembliesLoaded (0ms)
			ExecutionOrderSort2 (0ms)
			AwakeInstancesAfterBackupRestoration (13ms)
Platform modules already initialized, skipping
Refreshing native plugins compatible for Editor in 0.93 ms, found 2 plugins.
Preloading 0 native plugins for Editor in 0.00 ms.
Unloading 1390 Unused Serialized files (Serialized files now loaded: 0)
System memory in use before: 71.4 MB.
System memory in use after: 71.5 MB.

Unloading 11 unused Assets to reduce memory usage. Loaded Objects now: 1847.
Total: 4.453100 ms (FindLiveObjects: 0.191400 ms CreateObjectMapping: 0.077300 ms MarkObjects: 4.157200 ms  DeleteObjects: 0.024800 ms)

AssetImportParameters requested are different than current active one (requested -> active):
  custom:framework-win-MediaFoundation: 216162199b28c13a410421893ffa2e32 -> 
  custom:video-decoder-ogg-theora: a1e56fd34408186e4bbccfd4996cb3dc -> 
  custom:container-muxer-webm: aa71ff27fc2769a1b78a27578f13a17b -> 
  custom:container-demuxer-webm: 4f35f7cbe854078d1ac9338744f61a02 -> 
  custom:container-demuxer-ogg: 62fdf1f143b41e24485cea50d1cbac27 -> 
  custom:video-encoder-webm-vp8: eb34c28f22e8b96e1ab97ce403110664 -> 
  custom:video-decoder-webm-vp8: 9c59270c3fd7afecdb556c50c9e8de78 -> 
  custom:audio-decoder-ogg-vorbis: bf7c407c2cedff20999df2af8eb42d56 -> 
  custom:audio-encoder-webm-vorbis: bf7c407c2cedff20999df2af8eb42d56 -> 
========================================================================
Received Prepare
Registering precompiled user dll's ...
Registered in 0.006455 seconds.
Begin MonoManager ReloadAssembly
Native extension for WindowsStandalone target not found
Native extension for WebGL target not found
Refreshing native plugins compatible for Editor in 0.52 ms, found 2 plugins.
Preloading 0 native plugins for Editor in 0.00 ms.
Mono: successfully reloaded assembly
- Completed reload, in  1.628 seconds
Domain Reload Profiling:
	ReloadAssembly (1628ms)
		BeginReloadAssembly (190ms)
			ExecutionOrderSort (0ms)
			DisableScriptedObjects (10ms)
			BackupInstance (0ms)
			ReleaseScriptingObjects (0ms)
			CreateAndSetChildDomain (53ms)
		EndReloadAssembly (1333ms)
			LoadAssemblies (172ms)
			RebuildTransferFunctionScriptingTraits (0ms)
			SetupTypeCache (482ms)
			ReleaseScriptCaches (1ms)
			RebuildScriptCaches (63ms)
			SetupLoadedEditorAssemblies (473ms)
				LogAssemblyErrors (0ms)
				InitializePlatformSupportModulesInManaged (10ms)
				SetLoadedEditorAssemblies (1ms)
				RefreshPlugins (1ms)
				BeforeProcessingInitializeOnLoad (113ms)
				ProcessInitializeOnLoadAttributes (338ms)
				ProcessInitializeOnLoadMethodAttributes (5ms)
				AfterProcessingInitializeOnLoad (4ms)
				EditorAssembliesLoaded (0ms)
			ExecutionOrderSort2 (0ms)
			AwakeInstancesAfterBackupRestoration (12ms)
Platform modules already initialized, skipping
Refreshing native plugins compatible for Editor in 0.63 ms, found 2 plugins.
Preloading 0 native plugins for Editor in 0.00 ms.
Unloading 1390 Unused Serialized files (Serialized files now loaded: 0)
System memory in use before: 71.4 MB.
System memory in use after: 71.5 MB.

Unloading 11 unused Assets to reduce memory usage. Loaded Objects now: 1849.
Total: 4.810600 ms (FindLiveObjects: 0.285600 ms CreateObjectMapping: 0.086600 ms MarkObjects: 4.409400 ms  DeleteObjects: 0.026400 ms)

AssetImportParameters requested are different than current active one (requested -> active):
  custom:framework-win-MediaFoundation: 216162199b28c13a410421893ffa2e32 -> 
  custom:video-decoder-ogg-theora: a1e56fd34408186e4bbccfd4996cb3dc -> 
  custom:container-muxer-webm: aa71ff27fc2769a1b78a27578f13a17b -> 
  custom:container-demuxer-webm: 4f35f7cbe854078d1ac9338744f61a02 -> 
  custom:container-demuxer-ogg: 62fdf1f143b41e24485cea50d1cbac27 -> 
  custom:video-encoder-webm-vp8: eb34c28f22e8b96e1ab97ce403110664 -> 
  custom:video-decoder-webm-vp8: 9c59270c3fd7afecdb556c50c9e8de78 -> 
  custom:audio-decoder-ogg-vorbis: bf7c407c2cedff20999df2af8eb42d56 -> 
  custom:audio-encoder-webm-vorbis: bf7c407c2cedff20999df2af8eb42d56 -> 
========================================================================
Received Import Request.
  Time since last request: 55.222019 seconds.
  path: Assets/Scripts/UserControlSystem/UserControlSystem.asmdef
  artifactKey: Guid(81ec2632262e3704fba7e867fca636c1) Importer(815301076,1909f56bfc062723c751e8b465ee728b)
Start importing Assets/Scripts/UserControlSystem/UserControlSystem.asmdef using Guid(81ec2632262e3704fba7e867fca636c1) Importer(815301076,1909f56bfc062723c751e8b465ee728b)  -> (artifact id: '79a5f1a72e6fadc87b35e7c0cc1352f0') in 0.005755 seconds 
  Import took 0.009403 seconds .

========================================================================
Received Import Request.
  Time since last request: 72.800310 seconds.
  path: Assets/Store Assets
  artifactKey: Guid(8189317563e21af4eabab05a170cdff8) Importer(815301076,1909f56bfc062723c751e8b465ee728b)
Start importing Assets/Store Assets using Guid(8189317563e21af4eabab05a170cdff8) Importer(815301076,1909f56bfc062723c751e8b465ee728b)  -> (artifact id: 'c25ddad6cb352a670246276b7d6f63c3') in 0.004017 seconds 
  Import took 0.008745 seconds .

========================================================================
Received Import Request.
  Time since last request: 5.637912 seconds.
  path: Assets/3D Game Kit - Character Pack
  artifactKey: Guid(b85da52f88c37874d8d8de4936009b40) Importer(815301076,1909f56bfc062723c751e8b465ee728b)
Start importing Assets/3D Game Kit - Character Pack using Guid(b85da52f88c37874d8d8de4936009b40) Importer(815301076,1909f56bfc062723c751e8b465ee728b)  -> (artifact id: '33e7eca1df14ae0596e9767ed2b6491a') in 0.003515 seconds 
  Import took 0.007256 seconds .

========================================================================
Received Import Request.
  Time since last request: 0.360545 seconds.
  path: Assets/3D Game Kit - Environment Pack
  artifactKey: Guid(4bc81ad0148064f4abfc8bc482281d12) Importer(815301076,1909f56bfc062723c751e8b465ee728b)
Start importing Assets/3D Game Kit - Environment Pack using Guid(4bc81ad0148064f4abfc8bc482281d12) Importer(815301076,1909f56bfc062723c751e8b465ee728b)  -> (artifact id: '9a928878d9d501bb3f42776901b82508') in 0.003241 seconds 
  Import took 0.006858 seconds .

========================================================================
Received Import Request.
  Time since last request: 1.842781 seconds.
  path: Assets/Scenes
  artifactKey: Guid(88c0c18f95388fc42bfc785e9d3e6ba5) Importer(815301076,1909f56bfc062723c751e8b465ee728b)
Start importing Assets/Scenes using Guid(88c0c18f95388fc42bfc785e9d3e6ba5) Importer(815301076,1909f56bfc062723c751e8b465ee728b)  -> (artifact id: '66cfd48cbfbe3916085415ac8ab3fd2c') in 0.004230 seconds 
  Import took 0.008959 seconds .

========================================================================
Received Import Request.
  Time since last request: 62.535470 seconds.
  path: Assets/Scenes/SampleScene.unity
  artifactKey: Guid(9fc0d4010bbf28b4594072e72b8655ab) Importer(815301076,1909f56bfc062723c751e8b465ee728b)
Start importing Assets/Scenes/SampleScene.unity using Guid(9fc0d4010bbf28b4594072e72b8655ab) Importer(815301076,1909f56bfc062723c751e8b465ee728b)  -> (artifact id: '0c1b5fd1dda192fe687793363149c18a') in 0.027025 seconds 
  Import took 0.065392 seconds .

========================================================================
Received Import Request.
  Time since last request: 7.983738 seconds.
  path: Assets/Scenes/Main.unity
  artifactKey: Guid(9fc0d4010bbf28b4594072e72b8655ab) Importer(815301076,1909f56bfc062723c751e8b465ee728b)
Start importing Assets/Scenes/Main.unity using Guid(9fc0d4010bbf28b4594072e72b8655ab) Importer(815301076,1909f56bfc062723c751e8b465ee728b)  -> (artifact id: '1af302a0ce083add9bf18ad47e3dec48') in 0.003960 seconds 
  Import took 0.007769 seconds .

========================================================================
Received Import Request.
  Time since last request: 272.689844 seconds.
  path: Assets/Store Assets/3D Game Kit - Environment Pack/Environment/Vegetation/Misc/Materials/Hanging_Moss_Mat.mat
  artifactKey: Guid(bedaa9f893bcd4149a465fbcce1ccc55) Importer(815301076,1909f56bfc062723c751e8b465ee728b)
Start importing Assets/Store Assets/3D Game Kit - Environment Pack/Environment/Vegetation/Misc/Materials/Hanging_Moss_Mat.mat using Guid(bedaa9f893bcd4149a465fbcce1ccc55) Importer(815301076,1909f56bfc062723c751e8b465ee728b)  -> (artifact id: '5a18b284b2e2dfa40dda18ec8a2b30e5') in 0.630597 seconds 
  Import took 0.634499 seconds .

========================================================================
Received Import Request.
  Time since last request: 0.000356 seconds.
  path: Assets/Store Assets/3D Game Kit - Environment Pack/Environment/Ground/Materials/Moss_Mat.mat
  artifactKey: Guid(9f1e1e6c36df17a48b610353e7d0bc21) Importer(815301076,1909f56bfc062723c751e8b465ee728b)
Start importing Assets/Store Assets/3D Game Kit - Environment Pack/Environment/Ground/Materials/Moss_Mat.mat using Guid(9f1e1e6c36df17a48b610353e7d0bc21) Importer(815301076,1909f56bfc062723c751e8b465ee728b)  -> (artifact id: 'a705ed946718a54d055300a91e35fb13') in 0.392015 seconds 
  Import took 0.395954 seconds .

========================================================================
Received Import Request.
  Time since last request: 98.986599 seconds.
  path: Assets/Store Assets/3D Game Kit - Environment Pack/Environment
  artifactKey: Guid(83ac68febd65bce479955fded4d5ccc8) Importer(815301076,1909f56bfc062723c751e8b465ee728b)
Start importing Assets/Store Assets/3D Game Kit - Environment Pack/Environment using Guid(83ac68febd65bce479955fded4d5ccc8) Importer(815301076,1909f56bfc062723c751e8b465ee728b)  -> (artifact id: '0956d01e661dd25b8b5cc57b3178a598') in 0.003533 seconds 
  Import took 0.007306 seconds .

========================================================================
Received Import Request.
  Time since last request: 2.353299 seconds.
  path: Assets/Store Assets/3D Game Kit - Environment Pack/Environment/Vegetation
  artifactKey: Guid(aa8b3df0cb3658c4497db6251530ed2a) Importer(815301076,1909f56bfc062723c751e8b465ee728b)
Start importing Assets/Store Assets/3D Game Kit - Environment Pack/Environment/Vegetation using Guid(aa8b3df0cb3658c4497db6251530ed2a) Importer(815301076,1909f56bfc062723c751e8b465ee728b)  -> (artifact id: '0309833f1bdc31a2651720d64bd431a7') in 0.003122 seconds 
  Import took 0.006309 seconds .

========================================================================
Received Import Request.
  Time since last request: 2.371819 seconds.
  path: Assets/Store Assets/3D Game Kit - Environment Pack/Environment/Vegetation/Small
  artifactKey: Guid(cf758f5c13a4a6d4b9a03d6fa45e1b7f) Importer(815301076,1909f56bfc062723c751e8b465ee728b)
Start importing Assets/Store Assets/3D Game Kit - Environment Pack/Environment/Vegetation/Small using Guid(cf758f5c13a4a6d4b9a03d6fa45e1b7f) Importer(815301076,1909f56bfc062723c751e8b465ee728b)  -> (artifact id: 'f44c4dadde4c1393cfbbf2908a2763ee') in 0.003275 seconds 
  Import took 0.007108 seconds .

========================================================================
Received Import Request.
  Time since last request: 2.746155 seconds.
  path: Assets/Store Assets/3D Game Kit - Environment Pack/Environment/Vegetation/Small/Small
  artifactKey: Guid(60e74b6719d68f3419a15feae5f72f83) Importer(815301076,1909f56bfc062723c751e8b465ee728b)
Start importing Assets/Store Assets/3D Game Kit - Environment Pack/Environment/Vegetation/Small/Small using Guid(60e74b6719d68f3419a15feae5f72f83) Importer(815301076,1909f56bfc062723c751e8b465ee728b)  -> (artifact id: '52d30d95ed30bb67d862261d659a4b26') in 0.002737 seconds 
  Import took 0.006527 seconds .

========================================================================
Received Import Request.
  Time since last request: 0.351994 seconds.
  path: Assets/Store Assets/3D Game Kit - Environment Pack/Environment/Vegetation/Small/Small/VegetationSmall01.fbx
  artifactKey: Guid(266f03476f36b2945b733736a459bf7a) Importer(815301076,1909f56bfc062723c751e8b465ee728b)
Start importing Assets/Store Assets/3D Game Kit - Environment Pack/Environment/Vegetation/Small/Small/VegetationSmall01.fbx using Guid(266f03476f36b2945b733736a459bf7a) Importer(815301076,1909f56bfc062723c751e8b465ee728b)  -> (artifact id: 'fef21c91d42dca08b168f05971261c5a') in 0.639101 seconds 
  Import took 0.642796 seconds .

========================================================================
Received Import Request.
  Time since last request: 0.000472 seconds.
  path: Assets/Store Assets/3D Game Kit - Environment Pack/Environment/Vegetation/Small/Small/VegetationSmall03.fbx
  artifactKey: Guid(b247e1f98f261d648bafb713dd26be2a) Importer(815301076,1909f56bfc062723c751e8b465ee728b)
Start importing Assets/Store Assets/3D Game Kit - Environment Pack/Environment/Vegetation/Small/Small/VegetationSmall03.fbx using Guid(b247e1f98f261d648bafb713dd26be2a) Importer(815301076,1909f56bfc062723c751e8b465ee728b)  -> (artifact id: '9a7526560f092fddd020a90e6f09f5fe') in 0.243449 seconds 
  Import took 0.246556 seconds .

========================================================================
Received Import Request.
  Time since last request: 0.000390 seconds.
  path: Assets/Store Assets/3D Game Kit - Environment Pack/Environment/Vegetation/Small/Small/VegetationSmall05.fbx
  artifactKey: Guid(7f1e157661b079647ab480cf407206ce) Importer(815301076,1909f56bfc062723c751e8b465ee728b)
Start importing Assets/Store Assets/3D Game Kit - Environment Pack/Environment/Vegetation/Small/Small/VegetationSmall05.fbx using Guid(7f1e157661b079647ab480cf407206ce) Importer(815301076,1909f56bfc062723c751e8b465ee728b)  -> (artifact id: 'f672dc37b64912f21029c60d9e22ffa0') in 0.061267 seconds 
  Import took 0.064426 seconds .

========================================================================
Received Import Request.
  Time since last request: 0.000338 seconds.
  path: Assets/Store Assets/3D Game Kit - Environment Pack/Environment/Vegetation/Small/Small/VegetationSmall06.fbx
  artifactKey: Guid(95a59a779c708744f9268e68ea353e42) Importer(815301076,1909f56bfc062723c751e8b465ee728b)
Start importing Assets/Store Assets/3D Game Kit - Environment Pack/Environment/Vegetation/Small/Small/VegetationSmall06.fbx using Guid(95a59a779c708744f9268e68ea353e42) Importer(815301076,1909f56bfc062723c751e8b465ee728b)  -> (artifact id: '7b1a09085dfba3fff31b7f807539da4d') in 0.075737 seconds 
  Import took 0.079429 seconds .

========================================================================
Received Import Request.
  Time since last request: 0.000437 seconds.
  path: Assets/Store Assets/3D Game Kit - Environment Pack/Environment/Vegetation/Small/Small/VegetationSmall02.fbx
  artifactKey: Guid(9d1ed9c23e004e84e8283be2bdba967f) Importer(815301076,1909f56bfc062723c751e8b465ee728b)
Start importing Assets/Store Assets/3D Game Kit - Environment Pack/Environment/Vegetation/Small/Small/VegetationSmall02.fbx using Guid(9d1ed9c23e004e84e8283be2bdba967f) Importer(815301076,1909f56bfc062723c751e8b465ee728b)  -> (artifact id: 'f960b861330a2da83f873115fcc8210b') in 0.056363 seconds 
  Import took 0.060467 seconds .

========================================================================
Received Import Request.
  Time since last request: 0.000329 seconds.
  path: Assets/Store Assets/3D Game Kit - Environment Pack/Environment/Vegetation/Small/Small/VegetationSmall03_02.fbx
  artifactKey: Guid(aa9d73083c4b89b42b439b7a8abc5998) Importer(815301076,1909f56bfc062723c751e8b465ee728b)
Start importing Assets/Store Assets/3D Game Kit - Environment Pack/Environment/Vegetation/Small/Small/VegetationSmall03_02.fbx using Guid(aa9d73083c4b89b42b439b7a8abc5998) Importer(815301076,1909f56bfc062723c751e8b465ee728b)  -> (artifact id: '2f9acab2d7421d12a56f0d2166db217e') in 0.050856 seconds 
  Import took 0.055446 seconds .

========================================================================
Received Import Request.
  Time since last request: 0.000331 seconds.
  path: Assets/Store Assets/3D Game Kit - Environment Pack/Environment/Vegetation/Small/Small/VegetationSmall05_03.fbx
  artifactKey: Guid(149aaa745b6046944bffef9b4c5e7adc) Importer(815301076,1909f56bfc062723c751e8b465ee728b)
Start importing Assets/Store Assets/3D Game Kit - Environment Pack/Environment/Vegetation/Small/Small/VegetationSmall05_03.fbx using Guid(149aaa745b6046944bffef9b4c5e7adc) Importer(815301076,1909f56bfc062723c751e8b465ee728b)  -> (artifact id: '327d36c0ec69a288da362ede383f3d12') in 0.054151 seconds 
  Import took 0.059969 seconds .

========================================================================
Received Import Request.
  Time since last request: 0.000491 seconds.
  path: Assets/Store Assets/3D Game Kit - Environment Pack/Environment/Vegetation/Small/Small/VegetationSmall07.fbx
  artifactKey: Guid(d6d241b77f6723d4eb8a649c352f948c) Importer(815301076,1909f56bfc062723c751e8b465ee728b)
Start importing Assets/Store Assets/3D Game Kit - Environment Pack/Environment/Vegetation/Small/Small/VegetationSmall07.fbx using Guid(d6d241b77f6723d4eb8a649c352f948c) Importer(815301076,1909f56bfc062723c751e8b465ee728b)  -> (artifact id: 'b41209e6e421f7f110a0c65523ef5ae3') in 0.063712 seconds 
  Import took 0.074929 seconds .

========================================================================
Received Import Request.
  Time since last request: 0.000361 seconds.
  path: Assets/Store Assets/3D Game Kit - Environment Pack/Environment/Vegetation/Small/Small/VegetationSmall04.fbx
  artifactKey: Guid(2fe21ce46fd85014590e30e91e49aedc) Importer(815301076,1909f56bfc062723c751e8b465ee728b)
Start importing Assets/Store Assets/3D Game Kit - Environment Pack/Environment/Vegetation/Small/Small/VegetationSmall04.fbx using Guid(2fe21ce46fd85014590e30e91e49aedc) Importer(815301076,1909f56bfc062723c751e8b465ee728b)  -> (artifact id: '6a04fa329b6baf688a58dd200e712e54') in 0.065274 seconds 
  Import took 0.070299 seconds .

========================================================================
Received Import Request.
  Time since last request: 0.000368 seconds.
  path: Assets/Store Assets/3D Game Kit - Environment Pack/Environment/Vegetation/Small/Small/VegetationSmall05_02.fbx
  artifactKey: Guid(bed48d94682673e41b4f517d55b6b0ca) Importer(815301076,1909f56bfc062723c751e8b465ee728b)
Start importing Assets/Store Assets/3D Game Kit - Environment Pack/Environment/Vegetation/Small/Small/VegetationSmall05_02.fbx using Guid(bed48d94682673e41b4f517d55b6b0ca) Importer(815301076,1909f56bfc062723c751e8b465ee728b)  -> (artifact id: 'ad3d81e959d3b7fb4a66f53bfe350457') in 0.060436 seconds 
  Import took 0.065142 seconds .

========================================================================
Received Import Request.
  Time since last request: 0.000358 seconds.
  path: Assets/Store Assets/3D Game Kit - Environment Pack/Environment/Vegetation/Small/Small/VegetationSmall04_02.fbx
  artifactKey: Guid(62bf2c5e2fe738b4585f3f18abfbfe1f) Importer(815301076,1909f56bfc062723c751e8b465ee728b)
Start importing Assets/Store Assets/3D Game Kit - Environment Pack/Environment/Vegetation/Small/Small/VegetationSmall04_02.fbx using Guid(62bf2c5e2fe738b4585f3f18abfbfe1f) Importer(815301076,1909f56bfc062723c751e8b465ee728b)  -> (artifact id: '558f1d5bfe62bcaa40d697103c2785d7') in 0.064035 seconds 
  Import took 0.067580 seconds .

========================================================================
Received Import Request.
  Time since last request: 0.000316 seconds.
  path: Assets/Store Assets/3D Game Kit - Environment Pack/Environment/Vegetation/Small/Small/VegetationSmall01_02.fbx
  artifactKey: Guid(4ad71d0c76d63374e9c5fef03ba3b118) Importer(815301076,1909f56bfc062723c751e8b465ee728b)
Start importing Assets/Store Assets/3D Game Kit - Environment Pack/Environment/Vegetation/Small/Small/VegetationSmall01_02.fbx using Guid(4ad71d0c76d63374e9c5fef03ba3b118) Importer(815301076,1909f56bfc062723c751e8b465ee728b)  -> (artifact id: '2d2d009fdd336dcfaf201a4e451bb577') in 0.058888 seconds 
  Import took 0.062942 seconds .

========================================================================
Received Import Request.
  Time since last request: 0.000325 seconds.
  path: Assets/Store Assets/3D Game Kit - Environment Pack/Environment/Vegetation/Small/Small/VegetationSmall02_02.fbx
  artifactKey: Guid(3409ea45e219ebe4c920298dbe9c7399) Importer(815301076,1909f56bfc062723c751e8b465ee728b)
Start importing Assets/Store Assets/3D Game Kit - Environment Pack/Environment/Vegetation/Small/Small/VegetationSmall02_02.fbx using Guid(3409ea45e219ebe4c920298dbe9c7399) Importer(815301076,1909f56bfc062723c751e8b465ee728b)  -> (artifact id: '154f315ba31c0aaa731235d638ddb0d5') in 0.048018 seconds 
  Import took 0.051614 seconds .

========================================================================
Received Import Request.
  Time since last request: 0.000321 seconds.
  path: Assets/Store Assets/3D Game Kit - Environment Pack/Environment/Vegetation/Small/Small/VegetationSmall07_03.fbx
  artifactKey: Guid(8ca07e83a1542b842b8d4f9579768b26) Importer(815301076,1909f56bfc062723c751e8b465ee728b)
Start importing Assets/Store Assets/3D Game Kit - Environment Pack/Environment/Vegetation/Small/Small/VegetationSmall07_03.fbx using Guid(8ca07e83a1542b842b8d4f9579768b26) Importer(815301076,1909f56bfc062723c751e8b465ee728b)  -> (artifact id: '5042b9c4c670603aa0784eb6376bbdde') in 0.048542 seconds 
  Import took 0.051972 seconds .

========================================================================
Received Import Request.
  Time since last request: 0.000281 seconds.
  path: Assets/Store Assets/3D Game Kit - Environment Pack/Environment/Vegetation/Small/Small/VegetationSmall07_02.fbx
  artifactKey: Guid(a7fc7e03dc50d154eb141f19bb0ef3cb) Importer(815301076,1909f56bfc062723c751e8b465ee728b)
Start importing Assets/Store Assets/3D Game Kit - Environment Pack/Environment/Vegetation/Small/Small/VegetationSmall07_02.fbx using Guid(a7fc7e03dc50d154eb141f19bb0ef3cb) Importer(815301076,1909f56bfc062723c751e8b465ee728b)  -> (artifact id: '5bd5f25b5ed4d09b0a3b5ea6e7d0a71b') in 0.057673 seconds 
  Import took 0.060845 seconds .

========================================================================
Received Import Request.
  Time since last request: 142.607033 seconds.
  path: Assets/Store Assets/3D Game Kit - Environment Pack/Environment/Vegetation/Large
  artifactKey: Guid(1bcea42473432be408a4b7174672f10a) Importer(815301076,1909f56bfc062723c751e8b465ee728b)
Start importing Assets/Store Assets/3D Game Kit - Environment Pack/Environment/Vegetation/Large using Guid(1bcea42473432be408a4b7174672f10a) Importer(815301076,1909f56bfc062723c751e8b465ee728b)  -> (artifact id: 'fb1ab1d509e6b1514aec6d9f8f5f1852') in 0.003484 seconds 
  Import took 0.007438 seconds .

========================================================================
Received Import Request.
  Time since last request: 0.000963 seconds.
  path: Assets/Store Assets/3D Game Kit - Environment Pack/Environment/Vegetation/Large
  artifactKey: Guid(1bcea42473432be408a4b7174672f10a) Importer(815301076,1909f56bfc062723c751e8b465ee728b)
Start importing Assets/Store Assets/3D Game Kit - Environment Pack/Environment/Vegetation/Large using Guid(1bcea42473432be408a4b7174672f10a) Importer(815301076,1909f56bfc062723c751e8b465ee728b)  -> (artifact id: 'fb1ab1d509e6b1514aec6d9f8f5f1852') in 0.002652 seconds 
  Import took 0.005718 seconds .

========================================================================
Received Import Request.
  Time since last request: 1.479687 seconds.
  path: Assets/Store Assets/3D Game Kit - Environment Pack/Environment/Vegetation/Large/Models
  artifactKey: Guid(b1da957a36cf2364c951e9cbfc66b865) Importer(815301076,1909f56bfc062723c751e8b465ee728b)
Start importing Assets/Store Assets/3D Game Kit - Environment Pack/Environment/Vegetation/Large/Models using Guid(b1da957a36cf2364c951e9cbfc66b865) Importer(815301076,1909f56bfc062723c751e8b465ee728b)  -> (artifact id: '10bdae0a423b3e81e9b5ac254186eca7') in 0.003252 seconds 
  Import took 0.006684 seconds .

========================================================================
Received Import Request.
  Time since last request: 0.112554 seconds.
  path: Assets/Store Assets/3D Game Kit - Environment Pack/Environment/Vegetation/Large/Models/VegetationLarge01.fbx
  artifactKey: Guid(528bcfb2338ecb2418b75a2b59da9848) Importer(815301076,1909f56bfc062723c751e8b465ee728b)
Start importing Assets/Store Assets/3D Game Kit - Environment Pack/Environment/Vegetation/Large/Models/VegetationLarge01.fbx using Guid(528bcfb2338ecb2418b75a2b59da9848) Importer(815301076,1909f56bfc062723c751e8b465ee728b)  -> (artifact id: 'e4544e775e9f89ed47e326c630053ac4') in 0.068983 seconds 
  Import took 0.088674 seconds .

========================================================================
Received Import Request.
  Time since last request: 0.000513 seconds.
  path: Assets/Store Assets/3D Game Kit - Environment Pack/Environment/Vegetation/Large/Models/VegetationLarge04.fbx
  artifactKey: Guid(50b92cf3f08f03745bbc74de550c2dc7) Importer(815301076,1909f56bfc062723c751e8b465ee728b)
Start importing Assets/Store Assets/3D Game Kit - Environment Pack/Environment/Vegetation/Large/Models/VegetationLarge04.fbx using Guid(50b92cf3f08f03745bbc74de550c2dc7) Importer(815301076,1909f56bfc062723c751e8b465ee728b)  -> (artifact id: '32629e8400a380d93d89ccf7d844dcab') in 0.060489 seconds 
  Import took 0.064045 seconds .

========================================================================
Received Import Request.
  Time since last request: 0.000539 seconds.
  path: Assets/Store Assets/3D Game Kit - Environment Pack/Environment/Vegetation/Large/Models/VegetationLarge06.fbx
  artifactKey: Guid(80322bf1c46281b42b1197ea37d48332) Importer(815301076,1909f56bfc062723c751e8b465ee728b)
Start importing Assets/Store Assets/3D Game Kit - Environment Pack/Environment/Vegetation/Large/Models/VegetationLarge06.fbx using Guid(80322bf1c46281b42b1197ea37d48332) Importer(815301076,1909f56bfc062723c751e8b465ee728b)  -> (artifact id: '486ae4602c8a6efe082b9970450e974b') in 0.062085 seconds 
  Import took 0.065904 seconds .

========================================================================
Received Import Request.
  Time since last request: 0.000346 seconds.
  path: Assets/Store Assets/3D Game Kit - Environment Pack/Environment/Vegetation/Large/Models/VegetationLarge03.fbx
  artifactKey: Guid(963d66c7000d793448bc1424962886ab) Importer(815301076,1909f56bfc062723c751e8b465ee728b)
Start importing Assets/Store Assets/3D Game Kit - Environment Pack/Environment/Vegetation/Large/Models/VegetationLarge03.fbx using Guid(963d66c7000d793448bc1424962886ab) Importer(815301076,1909f56bfc062723c751e8b465ee728b)  -> (artifact id: 'a29a615320bebb4280b5f9f8034730ba') in 0.061263 seconds 
  Import took 0.064436 seconds .

========================================================================
Received Import Request.
  Time since last request: 0.000278 seconds.
  path: Assets/Store Assets/3D Game Kit - Environment Pack/Environment/Vegetation/Large/Models/VegetationLarge03_02.fbx
  artifactKey: Guid(8eaceb728e8170e4ea6bde32da984bc7) Importer(815301076,1909f56bfc062723c751e8b465ee728b)
Start importing Assets/Store Assets/3D Game Kit - Environment Pack/Environment/Vegetation/Large/Models/VegetationLarge03_02.fbx using Guid(8eaceb728e8170e4ea6bde32da984bc7) Importer(815301076,1909f56bfc062723c751e8b465ee728b)  -> (artifact id: 'd4554526397551ab4963144dd72a6909') in 0.058142 seconds 
  Import took 0.061257 seconds .

========================================================================
Received Import Request.
  Time since last request: 0.000332 seconds.
  path: Assets/Store Assets/3D Game Kit - Environment Pack/Environment/Vegetation/Large/Models/VegetationLarge05_02.fbx
  artifactKey: Guid(48e9b3f8587ad7e46afa325dad953978) Importer(815301076,1909f56bfc062723c751e8b465ee728b)
Start importing Assets/Store Assets/3D Game Kit - Environment Pack/Environment/Vegetation/Large/Models/VegetationLarge05_02.fbx using Guid(48e9b3f8587ad7e46afa325dad953978) Importer(815301076,1909f56bfc062723c751e8b465ee728b)  -> (artifact id: '41bf525631d97f1fdcda221ff33cc8ab') in 0.058012 seconds 
  Import took 0.061027 seconds .

========================================================================
Received Import Request.
  Time since last request: 0.000328 seconds.
  path: Assets/Store Assets/3D Game Kit - Environment Pack/Environment/Vegetation/Large/Models/VegetationLarge07.fbx
  artifactKey: Guid(86873b3ddd4a1a548a9d25799c621b3d) Importer(815301076,1909f56bfc062723c751e8b465ee728b)
Start importing Assets/Store Assets/3D Game Kit - Environment Pack/Environment/Vegetation/Large/Models/VegetationLarge07.fbx using Guid(86873b3ddd4a1a548a9d25799c621b3d) Importer(815301076,1909f56bfc062723c751e8b465ee728b)  -> (artifact id: 'da379196ad2db293cb93cb5bfe578f6e') in 0.069076 seconds 
  Import took 0.072298 seconds .

========================================================================
Received Import Request.
  Time since last request: 0.000463 seconds.
  path: Assets/Store Assets/3D Game Kit - Environment Pack/Environment/Vegetation/Large/Models/VegetationLarge01_02.fbx
  artifactKey: Guid(f19200800740c5549b0e845fc0a9bc4d) Importer(815301076,1909f56bfc062723c751e8b465ee728b)
Start importing Assets/Store Assets/3D Game Kit - Environment Pack/Environment/Vegetation/Large/Models/VegetationLarge01_02.fbx using Guid(f19200800740c5549b0e845fc0a9bc4d) Importer(815301076,1909f56bfc062723c751e8b465ee728b)  -> (artifact id: '77d2779406b511ee22e8f09bb1c35f87') in 0.060656 seconds 
  Import took 0.065008 seconds .

========================================================================
Received Import Request.
  Time since last request: 0.000311 seconds.
  path: Assets/Store Assets/3D Game Kit - Environment Pack/Environment/Vegetation/Large/Models/VegetationLarge02.fbx
  artifactKey: Guid(f119fa83f1038ac4b833f21a41cae9d1) Importer(815301076,1909f56bfc062723c751e8b465ee728b)
Start importing Assets/Store Assets/3D Game Kit - Environment Pack/Environment/Vegetation/Large/Models/VegetationLarge02.fbx using Guid(f119fa83f1038ac4b833f21a41cae9d1) Importer(815301076,1909f56bfc062723c751e8b465ee728b)  -> (artifact id: '566846b3a5f9c61394f98f57d7a4c73f') in 0.061285 seconds 
  Import took 0.064739 seconds .

========================================================================
Received Import Request.
  Time since last request: 0.000281 seconds.
  path: Assets/Store Assets/3D Game Kit - Environment Pack/Environment/Vegetation/Large/Models/VegetationLarge05.fbx
  artifactKey: Guid(d64fd6a0931b7a34389216abb957525d) Importer(815301076,1909f56bfc062723c751e8b465ee728b)
Start importing Assets/Store Assets/3D Game Kit - Environment Pack/Environment/Vegetation/Large/Models/VegetationLarge05.fbx using Guid(d64fd6a0931b7a34389216abb957525d) Importer(815301076,1909f56bfc062723c751e8b465ee728b)  -> (artifact id: '5f014625ab58b8fe2abccde92820caa2') in 0.059412 seconds 
  Import took 0.062609 seconds .

========================================================================
Received Import Request.
  Time since last request: 31.440990 seconds.
  path: Assets/Store Assets/3D Game Kit - Character Pack/Characters/Chomper
  artifactKey: Guid(b7d6bb0a5aeaf284aa99e7fffc2c3575) Importer(815301076,1909f56bfc062723c751e8b465ee728b)
Start importing Assets/Store Assets/3D Game Kit - Character Pack/Characters/Chomper using Guid(b7d6bb0a5aeaf284aa99e7fffc2c3575) Importer(815301076,1909f56bfc062723c751e8b465ee728b)  -> (artifact id: '9038408debc153e8a5599f8af6091930') in 0.004187 seconds 
  Import took 0.008894 seconds .

========================================================================
Received Import Request.
  Time since last request: 5.993331 seconds.
  path: Assets/Store Assets/3D Game Kit - Character Pack/Characters/Chomper/Models
  artifactKey: Guid(29561e69de6723b4ca1814976f82b6cb) Importer(815301076,1909f56bfc062723c751e8b465ee728b)
Start importing Assets/Store Assets/3D Game Kit - Character Pack/Characters/Chomper/Models using Guid(29561e69de6723b4ca1814976f82b6cb) Importer(815301076,1909f56bfc062723c751e8b465ee728b)  -> (artifact id: '0a677c5b0efb8cbc7dfa5194e9a92672') in 0.003270 seconds 
  Import took 0.025019 seconds .

========================================================================
Received Import Request.
  Time since last request: 0.444598 seconds.
  path: Assets/Store Assets/3D Game Kit - Character Pack/Characters/Chomper/Models/Chomper.FBX
  artifactKey: Guid(2732fe64dd2799f439fb845921df626b) Importer(815301076,1909f56bfc062723c751e8b465ee728b)
Start importing Assets/Store Assets/3D Game Kit - Character Pack/Characters/Chomper/Models/Chomper.FBX using Guid(2732fe64dd2799f439fb845921df626b) Importer(815301076,1909f56bfc062723c751e8b465ee728b)  -> (artifact id: '1d743ab6523da09487d8497d0f32d422') in 0.520992 seconds 
  Import took 0.526946 seconds .

========================================================================
Received Import Request.
  Time since last request: 164.104553 seconds.
  path: Assets/Scripts/Core/MainBuilding.cs
  artifactKey: Guid(fcbf12b2a2a68874eb3521636387560e) Importer(815301076,1909f56bfc062723c751e8b465ee728b)
Start importing Assets/Scripts/Core/MainBuilding.cs using Guid(fcbf12b2a2a68874eb3521636387560e) Importer(815301076,1909f56bfc062723c751e8b465ee728b)  -> (artifact id: '08c73d51bad62f0f646b970ec5242028') in 0.042503 seconds 
  Import took 0.047429 seconds .

========================================================================
Received Prepare
Registering precompiled user dll's ...
Registered in 0.009529 seconds.
Begin MonoManager ReloadAssembly
Native extension for WindowsStandalone target not found
Native extension for WebGL target not found
Refreshing native plugins compatible for Editor in 0.66 ms, found 2 plugins.
Preloading 0 native plugins for Editor in 0.00 ms.
Mono: successfully reloaded assembly
- Completed reload, in  5.675 seconds
Domain Reload Profiling:
	ReloadAssembly (5675ms)
		BeginReloadAssembly (1222ms)
			ExecutionOrderSort (0ms)
			DisableScriptedObjects (11ms)
			BackupInstance (0ms)
			ReleaseScriptingObjects (0ms)
			CreateAndSetChildDomain (319ms)
		EndReloadAssembly (4208ms)
			LoadAssemblies (947ms)
			RebuildTransferFunctionScriptingTraits (0ms)
			SetupTypeCache (1350ms)
			ReleaseScriptCaches (2ms)
			RebuildScriptCaches (237ms)
			SetupLoadedEditorAssemblies (1583ms)
				LogAssemblyErrors (0ms)
				InitializePlatformSupportModulesInManaged (13ms)
				SetLoadedEditorAssemblies (1ms)
				RefreshPlugins (1ms)
				BeforeProcessingInitializeOnLoad (156ms)
				ProcessInitializeOnLoadAttributes (1194ms)
				ProcessInitializeOnLoadMethodAttributes (199ms)
				AfterProcessingInitializeOnLoad (18ms)
				EditorAssembliesLoaded (1ms)
			ExecutionOrderSort2 (0ms)
			AwakeInstancesAfterBackupRestoration (37ms)
Platform modules already initialized, skipping
Refreshing native plugins compatible for Editor in 0.87 ms, found 2 plugins.
Preloading 0 native plugins for Editor in 0.00 ms.
Unloading 1391 Unused Serialized files (Serialized files now loaded: 0)
System memory in use before: 88.8 MB.
System memory in use after: 89.0 MB.

Unloading 11 unused Assets to reduce memory usage. Loaded Objects now: 1896.
Total: 60.164700 ms (FindLiveObjects: 0.405200 ms CreateObjectMapping: 0.099200 ms MarkObjects: 59.624300 ms  DeleteObjects: 0.033000 ms)

AssetImportParameters requested are different than current active one (requested -> active):
  custom:framework-win-MediaFoundation: 216162199b28c13a410421893ffa2e32 -> 
  custom:video-decoder-ogg-theora: a1e56fd34408186e4bbccfd4996cb3dc -> 
  custom:container-muxer-webm: aa71ff27fc2769a1b78a27578f13a17b -> 
  custom:container-demuxer-webm: 4f35f7cbe854078d1ac9338744f61a02 -> 
  custom:container-demuxer-ogg: 62fdf1f143b41e24485cea50d1cbac27 -> 
  custom:video-encoder-webm-vp8: eb34c28f22e8b96e1ab97ce403110664 -> 
  custom:video-decoder-webm-vp8: 9c59270c3fd7afecdb556c50c9e8de78 -> 
  custom:audio-decoder-ogg-vorbis: bf7c407c2cedff20999df2af8eb42d56 -> 
  custom:audio-encoder-webm-vorbis: bf7c407c2cedff20999df2af8eb42d56 -> 
========================================================================
Received Import Request.
  Time since last request: 112.392167 seconds.
  path: Assets/Scripts/Core/MainBuilding.cs
  artifactKey: Guid(fcbf12b2a2a68874eb3521636387560e) Importer(815301076,1909f56bfc062723c751e8b465ee728b)
Start importing Assets/Scripts/Core/MainBuilding.cs using Guid(fcbf12b2a2a68874eb3521636387560e) Importer(815301076,1909f56bfc062723c751e8b465ee728b)  -> (artifact id: 'a2d41ca7a83bd05a3b70983b39a8452f') in 0.009287 seconds 
  Import took 0.015466 seconds .

========================================================================
Received Prepare
Registering precompiled user dll's ...
Registered in 0.006904 seconds.
Begin MonoManager ReloadAssembly
Native extension for WindowsStandalone target not found
Native extension for WebGL target not found
Refreshing native plugins compatible for Editor in 0.65 ms, found 2 plugins.
Preloading 0 native plugins for Editor in 0.00 ms.
Mono: successfully reloaded assembly
- Completed reload, in  1.855 seconds
Domain Reload Profiling:
	ReloadAssembly (1856ms)
		BeginReloadAssembly (162ms)
			ExecutionOrderSort (0ms)
			DisableScriptedObjects (8ms)
			BackupInstance (0ms)
			ReleaseScriptingObjects (0ms)
			CreateAndSetChildDomain (45ms)
		EndReloadAssembly (1600ms)
			LoadAssemblies (158ms)
			RebuildTransferFunctionScriptingTraits (0ms)
			SetupTypeCache (666ms)
			ReleaseScriptCaches (1ms)
			RebuildScriptCaches (73ms)
			SetupLoadedEditorAssemblies (525ms)
				LogAssemblyErrors (0ms)
				InitializePlatformSupportModulesInManaged (12ms)
				SetLoadedEditorAssemblies (1ms)
				RefreshPlugins (1ms)
				BeforeProcessingInitializeOnLoad (129ms)
				ProcessInitializeOnLoadAttributes (369ms)
				ProcessInitializeOnLoadMethodAttributes (7ms)
				AfterProcessingInitializeOnLoad (6ms)
				EditorAssembliesLoaded (1ms)
			ExecutionOrderSort2 (0ms)
			AwakeInstancesAfterBackupRestoration (15ms)
Platform modules already initialized, skipping
Refreshing native plugins compatible for Editor in 0.54 ms, found 2 plugins.
Preloading 0 native plugins for Editor in 0.00 ms.
Unloading 1391 Unused Serialized files (Serialized files now loaded: 0)
System memory in use before: 88.9 MB.
System memory in use after: 89.0 MB.

Unloading 11 unused Assets to reduce memory usage. Loaded Objects now: 1898.
Total: 4.125800 ms (FindLiveObjects: 0.210200 ms CreateObjectMapping: 0.076500 ms MarkObjects: 3.811700 ms  DeleteObjects: 0.025600 ms)

AssetImportParameters requested are different than current active one (requested -> active):
  custom:framework-win-MediaFoundation: 216162199b28c13a410421893ffa2e32 -> 
  custom:video-decoder-ogg-theora: a1e56fd34408186e4bbccfd4996cb3dc -> 
  custom:container-muxer-webm: aa71ff27fc2769a1b78a27578f13a17b -> 
  custom:container-demuxer-webm: 4f35f7cbe854078d1ac9338744f61a02 -> 
  custom:container-demuxer-ogg: 62fdf1f143b41e24485cea50d1cbac27 -> 
  custom:video-encoder-webm-vp8: eb34c28f22e8b96e1ab97ce403110664 -> 
  custom:video-decoder-webm-vp8: 9c59270c3fd7afecdb556c50c9e8de78 -> 
  custom:audio-decoder-ogg-vorbis: bf7c407c2cedff20999df2af8eb42d56 -> 
  custom:audio-encoder-webm-vorbis: bf7c407c2cedff20999df2af8eb42d56 -> 
========================================================================
Received Prepare
Registering precompiled user dll's ...
Registered in 0.006401 seconds.
Begin MonoManager ReloadAssembly
Native extension for WindowsStandalone target not found
Native extension for WebGL target not found
Refreshing native plugins compatible for Editor in 0.68 ms, found 2 plugins.
Preloading 0 native plugins for Editor in 0.00 ms.
Mono: successfully reloaded assembly
- Completed reload, in  1.721 seconds
Domain Reload Profiling:
	ReloadAssembly (1722ms)
		BeginReloadAssembly (222ms)
			ExecutionOrderSort (0ms)
			DisableScriptedObjects (12ms)
			BackupInstance (0ms)
			ReleaseScriptingObjects (0ms)
			CreateAndSetChildDomain (57ms)
		EndReloadAssembly (1404ms)
			LoadAssemblies (188ms)
			RebuildTransferFunctionScriptingTraits (0ms)
			SetupTypeCache (476ms)
			ReleaseScriptCaches (1ms)
			RebuildScriptCaches (64ms)
			SetupLoadedEditorAssemblies (535ms)
				LogAssemblyErrors (0ms)
				InitializePlatformSupportModulesInManaged (9ms)
				SetLoadedEditorAssemblies (1ms)
				RefreshPlugins (1ms)
				BeforeProcessingInitializeOnLoad (121ms)
				ProcessInitializeOnLoadAttributes (389ms)
				ProcessInitializeOnLoadMethodAttributes (7ms)
				AfterProcessingInitializeOnLoad (7ms)
				EditorAssembliesLoaded (1ms)
			ExecutionOrderSort2 (0ms)
			AwakeInstancesAfterBackupRestoration (17ms)
Platform modules already initialized, skipping
Refreshing native plugins compatible for Editor in 0.61 ms, found 2 plugins.
Preloading 0 native plugins for Editor in 0.00 ms.
Unloading 1391 Unused Serialized files (Serialized files now loaded: 0)
System memory in use before: 88.9 MB.
System memory in use after: 89.0 MB.

Unloading 11 unused Assets to reduce memory usage. Loaded Objects now: 1900.
Total: 4.491200 ms (FindLiveObjects: 0.245200 ms CreateObjectMapping: 0.078300 ms MarkObjects: 4.141200 ms  DeleteObjects: 0.024300 ms)

AssetImportParameters requested are different than current active one (requested -> active):
  custom:framework-win-MediaFoundation: 216162199b28c13a410421893ffa2e32 -> 
  custom:video-decoder-ogg-theora: a1e56fd34408186e4bbccfd4996cb3dc -> 
  custom:container-muxer-webm: aa71ff27fc2769a1b78a27578f13a17b -> 
  custom:container-demuxer-webm: 4f35f7cbe854078d1ac9338744f61a02 -> 
  custom:container-demuxer-ogg: 62fdf1f143b41e24485cea50d1cbac27 -> 
  custom:video-encoder-webm-vp8: eb34c28f22e8b96e1ab97ce403110664 -> 
  custom:video-decoder-webm-vp8: 9c59270c3fd7afecdb556c50c9e8de78 -> 
  custom:audio-decoder-ogg-vorbis: bf7c407c2cedff20999df2af8eb42d56 -> 
  custom:audio-encoder-webm-vorbis: bf7c407c2cedff20999df2af8eb42d56 -> 
========================================================================
Received Import Request.
  Time since last request: 12.843291 seconds.
  path: Assets/Scripts/Core/MainBuilding.cs
  artifactKey: Guid(fcbf12b2a2a68874eb3521636387560e) Importer(815301076,1909f56bfc062723c751e8b465ee728b)
Start importing Assets/Scripts/Core/MainBuilding.cs using Guid(fcbf12b2a2a68874eb3521636387560e) Importer(815301076,1909f56bfc062723c751e8b465ee728b)  -> (artifact id: 'd01794a1ed59e51324b1483641431651') in 0.007230 seconds 
  Import took 0.010661 seconds .

========================================================================
Received Prepare
Registering precompiled user dll's ...
Registered in 0.005776 seconds.
Begin MonoManager ReloadAssembly
Native extension for WindowsStandalone target not found
Native extension for WebGL target not found
Refreshing native plugins compatible for Editor in 0.61 ms, found 2 plugins.
Preloading 0 native plugins for Editor in 0.00 ms.
Mono: successfully reloaded assembly
- Completed reload, in  1.924 seconds
Domain Reload Profiling:
	ReloadAssembly (1925ms)
		BeginReloadAssembly (178ms)
			ExecutionOrderSort (0ms)
			DisableScriptedObjects (10ms)
			BackupInstance (0ms)
			ReleaseScriptingObjects (0ms)
			CreateAndSetChildDomain (51ms)
		EndReloadAssembly (1636ms)
			LoadAssemblies (168ms)
			RebuildTransferFunctionScriptingTraits (0ms)
			SetupTypeCache (547ms)
			ReleaseScriptCaches (1ms)
			RebuildScriptCaches (78ms)
			SetupLoadedEditorAssemblies (611ms)
				LogAssemblyErrors (0ms)
				InitializePlatformSupportModulesInManaged (13ms)
				SetLoadedEditorAssemblies (1ms)
				RefreshPlugins (1ms)
				BeforeProcessingInitializeOnLoad (154ms)
				ProcessInitializeOnLoadAttributes (430ms)
				ProcessInitializeOnLoadMethodAttributes (6ms)
				AfterProcessingInitializeOnLoad (6ms)
				EditorAssembliesLoaded (1ms)
			ExecutionOrderSort2 (0ms)
			AwakeInstancesAfterBackupRestoration (14ms)
Platform modules already initialized, skipping
Refreshing native plugins compatible for Editor in 0.85 ms, found 2 plugins.
Preloading 0 native plugins for Editor in 0.00 ms.
Unloading 1391 Unused Serialized files (Serialized files now loaded: 0)
System memory in use before: 88.9 MB.
System memory in use after: 89.0 MB.

Unloading 11 unused Assets to reduce memory usage. Loaded Objects now: 1902.
Total: 6.010300 ms (FindLiveObjects: 0.368000 ms CreateObjectMapping: 0.103500 ms MarkObjects: 5.507500 ms  DeleteObjects: 0.029300 ms)

AssetImportParameters requested are different than current active one (requested -> active):
  custom:framework-win-MediaFoundation: 216162199b28c13a410421893ffa2e32 -> 
  custom:video-decoder-ogg-theora: a1e56fd34408186e4bbccfd4996cb3dc -> 
  custom:container-muxer-webm: aa71ff27fc2769a1b78a27578f13a17b -> 
  custom:container-demuxer-webm: 4f35f7cbe854078d1ac9338744f61a02 -> 
  custom:container-demuxer-ogg: 62fdf1f143b41e24485cea50d1cbac27 -> 
  custom:video-encoder-webm-vp8: eb34c28f22e8b96e1ab97ce403110664 -> 
  custom:video-decoder-webm-vp8: 9c59270c3fd7afecdb556c50c9e8de78 -> 
  custom:audio-decoder-ogg-vorbis: bf7c407c2cedff20999df2af8eb42d56 -> 
  custom:audio-encoder-webm-vorbis: bf7c407c2cedff20999df2af8eb42d56 -> 
========================================================================
Received Import Request.
  Time since last request: 141.641386 seconds.
  path: Assets/Scripts/UserControlSystem/MouseInteractionsHandler.cs
  artifactKey: Guid(52bf922331c17ed4998165b88d999e31) Importer(815301076,1909f56bfc062723c751e8b465ee728b)
Start importing Assets/Scripts/UserControlSystem/MouseInteractionsHandler.cs using Guid(52bf922331c17ed4998165b88d999e31) Importer(815301076,1909f56bfc062723c751e8b465ee728b)  -> (artifact id: 'bfd61720662459db68a6db657a801175') in 0.008241 seconds 
  Import took 0.012530 seconds .

========================================================================
Received Prepare
Registering precompiled user dll's ...
Registered in 0.006352 seconds.
Begin MonoManager ReloadAssembly
Native extension for WindowsStandalone target not found
Native extension for WebGL target not found
Refreshing native plugins compatible for Editor in 0.51 ms, found 2 plugins.
Preloading 0 native plugins for Editor in 0.00 ms.
Mono: successfully reloaded assembly
- Completed reload, in  1.588 seconds
Domain Reload Profiling:
	ReloadAssembly (1589ms)
		BeginReloadAssembly (170ms)
			ExecutionOrderSort (0ms)
			DisableScriptedObjects (9ms)
			BackupInstance (0ms)
			ReleaseScriptingObjects (0ms)
			CreateAndSetChildDomain (43ms)
		EndReloadAssembly (1321ms)
			LoadAssemblies (152ms)
			RebuildTransferFunctionScriptingTraits (0ms)
			SetupTypeCache (438ms)
			ReleaseScriptCaches (1ms)
			RebuildScriptCaches (71ms)
			SetupLoadedEditorAssemblies (492ms)
				LogAssemblyErrors (0ms)
				InitializePlatformSupportModulesInManaged (9ms)
				SetLoadedEditorAssemblies (1ms)
				RefreshPlugins (1ms)
				BeforeProcessingInitializeOnLoad (113ms)
				ProcessInitializeOnLoadAttributes (355ms)
				ProcessInitializeOnLoadMethodAttributes (6ms)
				AfterProcessingInitializeOnLoad (7ms)
				EditorAssembliesLoaded (1ms)
			ExecutionOrderSort2 (0ms)
			AwakeInstancesAfterBackupRestoration (15ms)
Platform modules already initialized, skipping
Refreshing native plugins compatible for Editor in 0.52 ms, found 2 plugins.
Preloading 0 native plugins for Editor in 0.00 ms.
Unloading 1392 Unused Serialized files (Serialized files now loaded: 0)
System memory in use before: 88.9 MB.
System memory in use after: 89.0 MB.

Unloading 11 unused Assets to reduce memory usage. Loaded Objects now: 1905.
Total: 3.944200 ms (FindLiveObjects: 0.216900 ms CreateObjectMapping: 0.102000 ms MarkObjects: 3.603600 ms  DeleteObjects: 0.019800 ms)

AssetImportParameters requested are different than current active one (requested -> active):
  custom:framework-win-MediaFoundation: 216162199b28c13a410421893ffa2e32 -> 
  custom:video-decoder-ogg-theora: a1e56fd34408186e4bbccfd4996cb3dc -> 
  custom:container-muxer-webm: aa71ff27fc2769a1b78a27578f13a17b -> 
  custom:container-demuxer-webm: 4f35f7cbe854078d1ac9338744f61a02 -> 
  custom:container-demuxer-ogg: 62fdf1f143b41e24485cea50d1cbac27 -> 
  custom:video-encoder-webm-vp8: eb34c28f22e8b96e1ab97ce403110664 -> 
  custom:video-decoder-webm-vp8: 9c59270c3fd7afecdb556c50c9e8de78 -> 
  custom:audio-decoder-ogg-vorbis: bf7c407c2cedff20999df2af8eb42d56 -> 
  custom:audio-encoder-webm-vorbis: bf7c407c2cedff20999df2af8eb42d56 -> 
========================================================================
Received Import Request.
  Time since last request: 33.811858 seconds.
  path: Assets/Scripts/UserControlSystem/MouseInteractionsHandler.cs
  artifactKey: Guid(52bf922331c17ed4998165b88d999e31) Importer(815301076,1909f56bfc062723c751e8b465ee728b)
Start importing Assets/Scripts/UserControlSystem/MouseInteractionsHandler.cs using Guid(52bf922331c17ed4998165b88d999e31) Importer(815301076,1909f56bfc062723c751e8b465ee728b)  -> (artifact id: 'a64e7c678f67f2f8d58aeec3b98bf0a7') in 0.010234 seconds 
  Import took 0.015439 seconds .

========================================================================
Received Import Request.
  Time since last request: 0.128287 seconds.
  path: Assets/Scripts/UserControlSystem/MouseInteractionsHandler.cs
  artifactKey: Guid(52bf922331c17ed4998165b88d999e31) Importer(815301076,1909f56bfc062723c751e8b465ee728b)
Start importing Assets/Scripts/UserControlSystem/MouseInteractionsHandler.cs using Guid(52bf922331c17ed4998165b88d999e31) Importer(815301076,1909f56bfc062723c751e8b465ee728b)  -> (artifact id: 'a64e7c678f67f2f8d58aeec3b98bf0a7') in 0.004698 seconds 
  Import took 0.010445 seconds .

========================================================================
Received Prepare
Registering precompiled user dll's ...
Registered in 0.007794 seconds.
Begin MonoManager ReloadAssembly
Native extension for WindowsStandalone target not found
Native extension for WebGL target not found
Refreshing native plugins compatible for Editor in 0.81 ms, found 2 plugins.
Preloading 0 native plugins for Editor in 0.00 ms.
Mono: successfully reloaded assembly
- Completed reload, in  1.539 seconds
Domain Reload Profiling:
	ReloadAssembly (1540ms)
		BeginReloadAssembly (167ms)
			ExecutionOrderSort (0ms)
			DisableScriptedObjects (8ms)
			BackupInstance (0ms)
			ReleaseScriptingObjects (0ms)
			CreateAndSetChildDomain (51ms)
		EndReloadAssembly (1278ms)
			LoadAssemblies (154ms)
			RebuildTransferFunctionScriptingTraits (0ms)
			SetupTypeCache (454ms)
			ReleaseScriptCaches (2ms)
			RebuildScriptCaches (64ms)
			SetupLoadedEditorAssemblies (451ms)
				LogAssemblyErrors (0ms)
				InitializePlatformSupportModulesInManaged (9ms)
				SetLoadedEditorAssemblies (1ms)
				RefreshPlugins (1ms)
				BeforeProcessingInitializeOnLoad (114ms)
				ProcessInitializeOnLoadAttributes (315ms)
				ProcessInitializeOnLoadMethodAttributes (6ms)
				AfterProcessingInitializeOnLoad (5ms)
				EditorAssembliesLoaded (0ms)
			ExecutionOrderSort2 (0ms)
			AwakeInstancesAfterBackupRestoration (13ms)
Platform modules already initialized, skipping
Refreshing native plugins compatible for Editor in 0.54 ms, found 2 plugins.
Preloading 0 native plugins for Editor in 0.00 ms.
Unloading 1392 Unused Serialized files (Serialized files now loaded: 0)
System memory in use before: 88.9 MB.
System memory in use after: 89.0 MB.

Unloading 11 unused Assets to reduce memory usage. Loaded Objects now: 1907.
Total: 3.933300 ms (FindLiveObjects: 0.210600 ms CreateObjectMapping: 0.072200 ms MarkObjects: 3.626200 ms  DeleteObjects: 0.022700 ms)

AssetImportParameters requested are different than current active one (requested -> active):
  custom:framework-win-MediaFoundation: 216162199b28c13a410421893ffa2e32 -> 
  custom:video-decoder-ogg-theora: a1e56fd34408186e4bbccfd4996cb3dc -> 
  custom:container-muxer-webm: aa71ff27fc2769a1b78a27578f13a17b -> 
  custom:container-demuxer-webm: 4f35f7cbe854078d1ac9338744f61a02 -> 
  custom:container-demuxer-ogg: 62fdf1f143b41e24485cea50d1cbac27 -> 
  custom:video-encoder-webm-vp8: eb34c28f22e8b96e1ab97ce403110664 -> 
  custom:video-decoder-webm-vp8: 9c59270c3fd7afecdb556c50c9e8de78 -> 
  custom:audio-decoder-ogg-vorbis: bf7c407c2cedff20999df2af8eb42d56 -> 
  custom:audio-encoder-webm-vorbis: bf7c407c2cedff20999df2af8eb42d56 -> 
========================================================================
Received Prepare
Registering precompiled user dll's ...
Registered in 0.006934 seconds.
Begin MonoManager ReloadAssembly
Native extension for WindowsStandalone target not found
Native extension for WebGL target not found
Refreshing native plugins compatible for Editor in 0.58 ms, found 2 plugins.
Preloading 0 native plugins for Editor in 0.00 ms.
Mono: successfully reloaded assembly
- Completed reload, in  1.721 seconds
Domain Reload Profiling:
	ReloadAssembly (1722ms)
		BeginReloadAssembly (222ms)
			ExecutionOrderSort (0ms)
			DisableScriptedObjects (9ms)
			BackupInstance (0ms)
			ReleaseScriptingObjects (0ms)
			CreateAndSetChildDomain (60ms)
		EndReloadAssembly (1396ms)
			LoadAssemblies (163ms)
			RebuildTransferFunctionScriptingTraits (0ms)
			SetupTypeCache (474ms)
			ReleaseScriptCaches (1ms)
			RebuildScriptCaches (69ms)
			SetupLoadedEditorAssemblies (543ms)
				LogAssemblyErrors (0ms)
				InitializePlatformSupportModulesInManaged (11ms)
				SetLoadedEditorAssemblies (1ms)
				RefreshPlugins (1ms)
				BeforeProcessingInitializeOnLoad (122ms)
				ProcessInitializeOnLoadAttributes (394ms)
				ProcessInitializeOnLoadMethodAttributes (6ms)
				AfterProcessingInitializeOnLoad (7ms)
				EditorAssembliesLoaded (1ms)
			ExecutionOrderSort2 (0ms)
			AwakeInstancesAfterBackupRestoration (15ms)
Platform modules already initialized, skipping
Refreshing native plugins compatible for Editor in 0.68 ms, found 2 plugins.
Preloading 0 native plugins for Editor in 0.00 ms.
Unloading 1392 Unused Serialized files (Serialized files now loaded: 0)
System memory in use before: 88.9 MB.
System memory in use after: 89.0 MB.

Unloading 11 unused Assets to reduce memory usage. Loaded Objects now: 1909.
Total: 4.642300 ms (FindLiveObjects: 0.203000 ms CreateObjectMapping: 0.071800 ms MarkObjects: 4.325700 ms  DeleteObjects: 0.039700 ms)

AssetImportParameters requested are different than current active one (requested -> active):
  custom:framework-win-MediaFoundation: 216162199b28c13a410421893ffa2e32 -> 
  custom:video-decoder-ogg-theora: a1e56fd34408186e4bbccfd4996cb3dc -> 
  custom:container-muxer-webm: aa71ff27fc2769a1b78a27578f13a17b -> 
  custom:container-demuxer-webm: 4f35f7cbe854078d1ac9338744f61a02 -> 
  custom:container-demuxer-ogg: 62fdf1f143b41e24485cea50d1cbac27 -> 
  custom:video-encoder-webm-vp8: eb34c28f22e8b96e1ab97ce403110664 -> 
  custom:video-decoder-webm-vp8: 9c59270c3fd7afecdb556c50c9e8de78 -> 
  custom:audio-decoder-ogg-vorbis: bf7c407c2cedff20999df2af8eb42d56 -> 
  custom:audio-encoder-webm-vorbis: bf7c407c2cedff20999df2af8eb42d56 -> 
========================================================================
Received Import Request.
  Time since last request: 1470.022954 seconds.
  path: Assets/Scripts/Abstractions
  artifactKey: Guid(2c244997496702b41b385d9e36b5f067) Importer(815301076,1909f56bfc062723c751e8b465ee728b)
Start importing Assets/Scripts/Abstractions using Guid(2c244997496702b41b385d9e36b5f067) Importer(815301076,1909f56bfc062723c751e8b465ee728b)  -> (artifact id: '03762927a58ebc5c8323ff0535096f6d') in 0.008467 seconds 
  Import took 0.012305 seconds .

========================================================================
Received Import Request.
  Time since last request: 12.499122 seconds.
  path: Assets/Scripts/Abstractions/Abstractions.asmdef
  artifactKey: Guid(4052416bd34aec64dbcbe5879c4387bd) Importer(815301076,1909f56bfc062723c751e8b465ee728b)
Start importing Assets/Scripts/Abstractions/Abstractions.asmdef using Guid(4052416bd34aec64dbcbe5879c4387bd) Importer(815301076,1909f56bfc062723c751e8b465ee728b)  -> (artifact id: '08da13ee1ccd2ff5747ffcc2d6065570') in 0.003851 seconds 
  Import took 0.008508 seconds .

========================================================================
Received Import Request.
  Time since last request: 0.003329 seconds.
  path: Assets/Scripts/Abstractions/Abstractions.asmdef
  artifactKey: Guid(4052416bd34aec64dbcbe5879c4387bd) Importer(815301076,1909f56bfc062723c751e8b465ee728b)
Start importing Assets/Scripts/Abstractions/Abstractions.asmdef using Guid(4052416bd34aec64dbcbe5879c4387bd) Importer(815301076,1909f56bfc062723c751e8b465ee728b)  -> (artifact id: '08da13ee1ccd2ff5747ffcc2d6065570') in 0.003719 seconds 
  Import took 0.007800 seconds .

========================================================================
Received Prepare
Registering precompiled user dll's ...
Registered in 0.005418 seconds.
Begin MonoManager ReloadAssembly
Native extension for WindowsStandalone target not found
Native extension for WebGL target not found
Refreshing native plugins compatible for Editor in 0.53 ms, found 2 plugins.
Preloading 0 native plugins for Editor in 0.00 ms.
Mono: successfully reloaded assembly
- Completed reload, in  1.667 seconds
Domain Reload Profiling:
	ReloadAssembly (1667ms)
		BeginReloadAssembly (178ms)
			ExecutionOrderSort (0ms)
			DisableScriptedObjects (9ms)
			BackupInstance (0ms)
			ReleaseScriptingObjects (0ms)
			CreateAndSetChildDomain (46ms)
		EndReloadAssembly (1374ms)
			LoadAssemblies (160ms)
			RebuildTransferFunctionScriptingTraits (0ms)
			SetupTypeCache (534ms)
			ReleaseScriptCaches (1ms)
			RebuildScriptCaches (71ms)
			SetupLoadedEditorAssemblies (452ms)
				LogAssemblyErrors (0ms)
				InitializePlatformSupportModulesInManaged (10ms)
				SetLoadedEditorAssemblies (1ms)
				RefreshPlugins (1ms)
				BeforeProcessingInitializeOnLoad (116ms)
				ProcessInitializeOnLoadAttributes (314ms)
				ProcessInitializeOnLoadMethodAttributes (6ms)
				AfterProcessingInitializeOnLoad (5ms)
				EditorAssembliesLoaded (0ms)
			ExecutionOrderSort2 (0ms)
			AwakeInstancesAfterBackupRestoration (12ms)
Platform modules already initialized, skipping
Refreshing native plugins compatible for Editor in 0.55 ms, found 2 plugins.
Preloading 0 native plugins for Editor in 0.00 ms.
Unloading 1392 Unused Serialized files (Serialized files now loaded: 0)
System memory in use before: 88.9 MB.
System memory in use after: 89.0 MB.

Unloading 11 unused Assets to reduce memory usage. Loaded Objects now: 1911.
Total: 3.905400 ms (FindLiveObjects: 0.196200 ms CreateObjectMapping: 0.078800 ms MarkObjects: 3.607600 ms  DeleteObjects: 0.021000 ms)

AssetImportParameters requested are different than current active one (requested -> active):
  custom:framework-win-MediaFoundation: 216162199b28c13a410421893ffa2e32 -> 
  custom:video-decoder-ogg-theora: a1e56fd34408186e4bbccfd4996cb3dc -> 
  custom:container-muxer-webm: aa71ff27fc2769a1b78a27578f13a17b -> 
  custom:container-demuxer-webm: 4f35f7cbe854078d1ac9338744f61a02 -> 
  custom:container-demuxer-ogg: 62fdf1f143b41e24485cea50d1cbac27 -> 
  custom:video-encoder-webm-vp8: eb34c28f22e8b96e1ab97ce403110664 -> 
  custom:video-decoder-webm-vp8: 9c59270c3fd7afecdb556c50c9e8de78 -> 
  custom:audio-decoder-ogg-vorbis: bf7c407c2cedff20999df2af8eb42d56 -> 
  custom:audio-encoder-webm-vorbis: bf7c407c2cedff20999df2af8eb42d56 -> 
========================================================================
Received Import Request.
  Time since last request: 31.468622 seconds.
  path: Assets/Scripts/Core/Core.asmdef
  artifactKey: Guid(38b1ca34971b74745b70097678d8ca6b) Importer(815301076,1909f56bfc062723c751e8b465ee728b)
Start importing Assets/Scripts/Core/Core.asmdef using Guid(38b1ca34971b74745b70097678d8ca6b) Importer(815301076,1909f56bfc062723c751e8b465ee728b)  -> (artifact id: 'a30ec7c8b1fed5f8f18ed0951636c216') in 0.011580 seconds 
  Import took 0.017804 seconds .

========================================================================
Received Prepare
Registering precompiled user dll's ...
Registered in 0.006942 seconds.
Begin MonoManager ReloadAssembly
Native extension for WindowsStandalone target not found
Native extension for WebGL target not found
Refreshing native plugins compatible for Editor in 0.53 ms, found 2 plugins.
Preloading 0 native plugins for Editor in 0.00 ms.
Mono: successfully reloaded assembly
- Completed reload, in  1.724 seconds
Domain Reload Profiling:
	ReloadAssembly (1725ms)
		BeginReloadAssembly (164ms)
			ExecutionOrderSort (0ms)
			DisableScriptedObjects (8ms)
			BackupInstance (0ms)
			ReleaseScriptingObjects (0ms)
			CreateAndSetChildDomain (45ms)
		EndReloadAssembly (1456ms)
			LoadAssemblies (170ms)
			RebuildTransferFunctionScriptingTraits (0ms)
			SetupTypeCache (503ms)
			ReleaseScriptCaches (1ms)
			RebuildScriptCaches (77ms)
			SetupLoadedEditorAssemblies (538ms)
				LogAssemblyErrors (0ms)
				InitializePlatformSupportModulesInManaged (9ms)
				SetLoadedEditorAssemblies (1ms)
				RefreshPlugins (1ms)
				BeforeProcessingInitializeOnLoad (124ms)
				ProcessInitializeOnLoadAttributes (389ms)
				ProcessInitializeOnLoadMethodAttributes (7ms)
				AfterProcessingInitializeOnLoad (6ms)
				EditorAssembliesLoaded (1ms)
			ExecutionOrderSort2 (0ms)
			AwakeInstancesAfterBackupRestoration (14ms)
Platform modules already initialized, skipping
Refreshing native plugins compatible for Editor in 0.53 ms, found 2 plugins.
Preloading 0 native plugins for Editor in 0.00 ms.
Unloading 1392 Unused Serialized files (Serialized files now loaded: 0)
System memory in use before: 88.9 MB.
System memory in use after: 89.0 MB.

Unloading 11 unused Assets to reduce memory usage. Loaded Objects now: 1913.
Total: 4.091000 ms (FindLiveObjects: 0.208200 ms CreateObjectMapping: 0.076300 ms MarkObjects: 3.784200 ms  DeleteObjects: 0.020300 ms)

AssetImportParameters requested are different than current active one (requested -> active):
  custom:framework-win-MediaFoundation: 216162199b28c13a410421893ffa2e32 -> 
  custom:video-decoder-ogg-theora: a1e56fd34408186e4bbccfd4996cb3dc -> 
  custom:container-muxer-webm: aa71ff27fc2769a1b78a27578f13a17b -> 
  custom:container-demuxer-webm: 4f35f7cbe854078d1ac9338744f61a02 -> 
  custom:container-demuxer-ogg: 62fdf1f143b41e24485cea50d1cbac27 -> 
  custom:video-encoder-webm-vp8: eb34c28f22e8b96e1ab97ce403110664 -> 
  custom:video-decoder-webm-vp8: 9c59270c3fd7afecdb556c50c9e8de78 -> 
  custom:audio-decoder-ogg-vorbis: bf7c407c2cedff20999df2af8eb42d56 -> 
  custom:audio-encoder-webm-vorbis: bf7c407c2cedff20999df2af8eb42d56 -> 
========================================================================
Received Import Request.
  Time since last request: 13.853896 seconds.
  path: Assets/Scripts/UserControlSystem/UserControlSystem.asmdef
  artifactKey: Guid(81ec2632262e3704fba7e867fca636c1) Importer(815301076,1909f56bfc062723c751e8b465ee728b)
Start importing Assets/Scripts/UserControlSystem/UserControlSystem.asmdef using Guid(81ec2632262e3704fba7e867fca636c1) Importer(815301076,1909f56bfc062723c751e8b465ee728b)  -> (artifact id: '76911d0a963d89e2e93555e82e6e0879') in 0.008112 seconds 
  Import took 0.013012 seconds .

========================================================================
Received Import Request.
  Time since last request: 73.608518 seconds.
  path: Assets/Scripts/Abstractions/IUnitProducer.cs
  artifactKey: Guid(d255b27e47a1f734b85921f9b037599c) Importer(815301076,1909f56bfc062723c751e8b465ee728b)
Start importing Assets/Scripts/Abstractions/IUnitProducer.cs using Guid(d255b27e47a1f734b85921f9b037599c) Importer(815301076,1909f56bfc062723c751e8b465ee728b)  -> (artifact id: '2410b13f25c7c94f5e1e99c3b0f0e8af') in 0.003879 seconds 
  Import took 0.008292 seconds .

========================================================================
Received Import Request.
  Time since last request: 0.000504 seconds.
  path: Assets/Scripts/Abstractions/IUnitProducer.cs
  artifactKey: Guid(d255b27e47a1f734b85921f9b037599c) Importer(815301076,1909f56bfc062723c751e8b465ee728b)
Start importing Assets/Scripts/Abstractions/IUnitProducer.cs using Guid(d255b27e47a1f734b85921f9b037599c) Importer(815301076,1909f56bfc062723c751e8b465ee728b)  -> (artifact id: '2410b13f25c7c94f5e1e99c3b0f0e8af') in 0.007640 seconds 
  Import took 0.012574 seconds .

========================================================================
Received Import Request.
  Time since last request: 24.763865 seconds.
  path: Assets/Scripts/Abstractions/IUnitProducer.cs
  artifactKey: Guid(d255b27e47a1f734b85921f9b037599c) Importer(815301076,1909f56bfc062723c751e8b465ee728b)
Start importing Assets/Scripts/Abstractions/IUnitProducer.cs using Guid(d255b27e47a1f734b85921f9b037599c) Importer(815301076,1909f56bfc062723c751e8b465ee728b)  -> (artifact id: '385622f3a637e35477b03329eceb2cb1') in 0.003159 seconds 
  Import took 0.006812 seconds .

========================================================================
Received Import Request.
  Time since last request: 0.000888 seconds.
  path: Assets/Scripts/Abstractions/IUnitProducer.cs
  artifactKey: Guid(d255b27e47a1f734b85921f9b037599c) Importer(815301076,1909f56bfc062723c751e8b465ee728b)
Start importing Assets/Scripts/Abstractions/IUnitProducer.cs using Guid(d255b27e47a1f734b85921f9b037599c) Importer(815301076,1909f56bfc062723c751e8b465ee728b)  -> (artifact id: '385622f3a637e35477b03329eceb2cb1') in 0.004236 seconds 
  Import took 0.008563 seconds .

AssetImportWorkerClient::OnTransportError - code=2 error=End of file
